[00:00:09] [Server thread/INFO] [net.minecraft.server.dedicated.DedicatedServer]: <moltgames> 0 diamantes
[00:00:21] [Server thread/INFO] [net.minecraft.server.dedicated.DedicatedServer]: <Oasins> server en decadencia
[00:00:26] [Server thread/INFO] [net.minecraft.server.dedicated.DedicatedServer]: Oasins was blown up by Creeper
[00:00:26] [Server thread/INFO] [tombstone]: The last known grave of Oasins is at location [name:Last Grave, x:-479, y:63, z:593] in the dimension 0
[00:00:26] [Server thread/INFO] [tombstone]: Oasins has successfully been saved
[00:00:27] [Server thread/INFO] [ebwizardry]: Sending global donation perk settings to Oasins
[00:00:32] [Server thread/INFO] [net.minecraft.server.dedicated.DedicatedServer]: <moltgames> xdxdxdxcdxxdd
[00:02:29] [Server thread/INFO] [net.minecraft.network.NetHandlerPlayServer]: Arwen-x3 lost connection: Timed out
[00:02:29] [Server thread/INFO] [net.minecraft.server.dedicated.DedicatedServer]: Arwen-x3 left the game
[00:04:29] [Server thread/INFO] [net.minecraft.server.dedicated.DedicatedServer]: <moltgames> finalmente
[00:04:35] [Server thread/INFO] [net.minecraft.server.dedicated.DedicatedServer]: moltgames has made the advancement [Diamonds!]
[00:04:35] [Server thread/INFO] [ebwizardry]: Synchronising advancements for moltgames
[00:04:38] [Server thread/INFO] [net.minecraft.server.dedicated.DedicatedServer]: <Oasins> waos
[00:04:54] [Server thread/INFO] [net.minecraft.server.dedicated.DedicatedServer]: <moltgames> se me callo uno a la lava
[00:05:00] [Server thread/INFO] [net.minecraft.server.dedicated.DedicatedServer]: <Oasins> un grandsw
[00:05:01] [Server thread/INFO] [net.minecraft.server.dedicated.DedicatedServer]: <moltgames> me voy a tirar de un puente
[00:05:28] [Server thread/INFO] [net.minecraft.server.dedicated.DedicatedServer]: <Oasins> Oye we como me quito lo vampiro le di clic derecho a unos colmillos por accidente
[00:05:42] [Server thread/INFO] [net.minecraft.server.dedicated.DedicatedServer]: <moltgames> muriendo o con una inyeccion de ajo
[00:05:56] [Server thread/INFO] [net.minecraft.server.dedicated.DedicatedServer]: <Oasins> Muriendo no porque me mori y sigo igual
[00:06:06] [Server thread/INFO] [net.minecraft.server.dedicated.DedicatedServer]: <moltgames> a ya eres vampiro?
[00:06:10] [Server thread/INFO] [net.minecraft.server.dedicated.DedicatedServer]: <Oasins> sis
[00:06:19] [Server thread/INFO] [net.minecraft.server.dedicated.DedicatedServer]: <moltgames> en la aldea hay un altar con un libro
[00:06:27] [Server thread/INFO] [net.minecraft.server.dedicated.DedicatedServer]: <moltgames> y ahi mero te devampirificas
[00:06:53] [Server thread/INFO] [net.minecraft.server.dedicated.DedicatedServer]: Oasins was slain by Vampire Expert
[00:06:53] [Server thread/INFO] [tombstone]: The last known grave of Oasins is at location [name:Last Grave, x:-569, y:77, z:580] in the dimension 0
[00:06:53] [Server thread/INFO] [tombstone]: Oasins has successfully been saved
[00:06:55] [Server thread/INFO] [ebwizardry]: Sending global donation perk settings to Oasins
[00:07:04] [Server thread/INFO] [net.minecraft.server.dedicated.DedicatedServer]: <moltgames> claro si llegas
[00:07:08] [Server thread/WARN] [net.minecraft.entity.SharedMonsterAttributes]: Ignoring unknown attribute 'generic.attackDamage'
[00:07:08] [Server thread/WARN] [net.minecraft.entity.SharedMonsterAttributes]: Ignoring unknown attribute 'generic.attackDamage'
[00:07:08] [Server thread/WARN] [net.minecraft.entity.SharedMonsterAttributes]: Ignoring unknown attribute 'generic.attackDamage'
[00:07:08] [Server thread/WARN] [net.minecraft.entity.SharedMonsterAttributes]: Ignoring unknown attribute 'generic.attackDamage'
[00:07:08] [Server thread/WARN] [net.minecraft.entity.SharedMonsterAttributes]: Ignoring unknown attribute 'generic.attackDamage'
[00:07:08] [Server thread/WARN] [net.minecraft.entity.SharedMonsterAttributes]: Ignoring unknown attribute 'generic.attackDamage'
[00:07:08] [Server thread/WARN] [net.minecraft.entity.SharedMonsterAttributes]: Ignoring unknown attribute 'generic.attackDamage'
[00:07:31] [Server thread/INFO] [net.minecraft.server.dedicated.DedicatedServer]: Oasins has reached the goal [Here They Come]
[00:07:31] [Server thread/INFO] [ebwizardry]: Synchronising advancements for Oasins
[00:07:47] [Server thread/INFO] [net.minecraft.server.dedicated.DedicatedServer]: Oasins has made the advancement [Neighborhood Brawl]
[00:07:47] [Server thread/INFO] [ebwizardry]: Synchronising advancements for Oasins
[00:08:49] [Server thread/INFO] [net.minecraft.server.dedicated.DedicatedServer]: <moltgames> aqui we
[00:08:58] [Server thread/INFO] [net.minecraft.server.dedicated.DedicatedServer]: [moltgames: Teleported Oasins to moltgames]
[00:09:01] [Server thread/INFO] [net.minecraft.server.dedicated.DedicatedServer]: <moltgames> ta abajo
[00:09:15] [Server thread/INFO] [net.minecraft.server.dedicated.DedicatedServer]: Oasins was killed by magic
[00:09:15] [Server thread/INFO] [tombstone]: The last known grave of Oasins is at location [name:Last Grave, x:-556, y:76, z:575] in the dimension 0
[00:09:15] [Server thread/INFO] [tombstone]: Oasins has successfully been saved
[00:09:17] [Server thread/INFO] [ebwizardry]: Sending global donation perk settings to Oasins
[00:09:27] [Server thread/INFO] [net.minecraft.server.dedicated.DedicatedServer]: <Oasins> SOY NORMAL
[00:09:30] [Server thread/WARN] [net.minecraft.entity.SharedMonsterAttributes]: Ignoring unknown attribute 'generic.attackDamage'
[00:09:33] [Server thread/INFO] [net.minecraft.server.dedicated.DedicatedServer]: <moltgames> finalmente
[00:11:13] [Server thread/INFO] [net.minecraft.server.dedicated.DedicatedServer]: <moltgames> volvi
[00:11:41] [Server thread/INFO] [net.minecraft.server.dedicated.DedicatedServer]: <Oasins> vilvo
